2023-01-26 14:37:04,586 [Worker-5: Loading available Gradle versions] INFO  o.e.b.c.i.u.g.PublishedGradleVersions - Gradle version information cache is up-to-date. Trying to read.
2023-01-26 14:37:35,934 [Worker-6: Creating project "Locator"] INFO  o.e.m.c.i.l.LifecycleMappingFactory - Using org.eclipse.m2e.jdt.JarLifecycleMapping lifecycle mapping for MavenProject: Selenium:Locator:0.0.1-SNAPSHOT @ C:\Users\Win-10\Desktop\Selenium\Locator\pom.xml.
2023-01-26 14:37:37,399 [Worker-6: Creating project "Locator"] INFO  o.e.m.j.i.AbstractJavaProjectConfigurator - Adding source folder /Locator/src/main/java
2023-01-26 14:37:37,402 [Worker-6: Creating project "Locator"] INFO  o.e.m.j.i.AbstractJavaProjectConfigurator - Adding resource folder /Locator/src/main/resources
2023-01-26 14:37:37,404 [Worker-6: Creating project "Locator"] INFO  o.e.m.j.i.AbstractJavaProjectConfigurator - Adding source folder /Locator/src/test/java
2023-01-26 14:37:37,405 [Worker-6: Creating project "Locator"] INFO  o.e.m.j.i.AbstractJavaProjectConfigurator - Adding resource folder /Locator/src/test/resources
2023-01-26 14:37:41,406 [Worker-4: Building] WARN  o.e.m.c.i.embedder.EclipseLogger - Using platform encoding (Cp1252 actually) to copy filtered resources, i.e. build is platform dependent!
2023-01-26 14:37:41,445 [Worker-4: Building] INFO  o.e.m.c.i.embedder.EclipseLogger - Copying 0 resource
2023-01-26 14:37:41,451 [Worker-4: Building] WARN  o.e.m.c.i.embedder.EclipseLogger - Using platform encoding (Cp1252 actually) to copy filtered resources, i.e. build is platform dependent!
2023-01-26 14:37:41,454 [Worker-4: Building] INFO  o.e.m.c.i.embedder.EclipseLogger - Copying 0 resource
2023-01-26 14:40:39,384 [Worker-12: Building] INFO  o.e.m.c.i.l.LifecycleMappingFactory - Using org.eclipse.m2e.jdt.JarLifecycleMapping lifecycle mapping for MavenProject: Selenium:Locator:0.0.1-SNAPSHOT @ C:\Users\Win-10\Desktop\Selenium\Locator\pom.xml.
2023-01-26 14:40:40,312 [Worker-12: Building] WARN  o.e.m.c.i.embedder.EclipseLogger - Using platform encoding (Cp1252 actually) to copy filtered resources, i.e. build is platform dependent!
2023-01-26 14:40:40,359 [Worker-12: Building] INFO  o.e.m.c.i.embedder.EclipseLogger - Copying 0 resource
2023-01-26 14:40:40,366 [Worker-12: Building] WARN  o.e.m.c.i.embedder.EclipseLogger - Using platform encoding (Cp1252 actually) to copy filtered resources, i.e. build is platform dependent!
2023-01-26 14:40:40,453 [Worker-12: Building] INFO  o.e.m.c.i.embedder.EclipseLogger - Copying 0 resource
2023-01-26 14:40:42,154 [Worker-13: Building] WARN  o.e.m.c.i.embedder.EclipseLogger - Using platform encoding (Cp1252 actually) to copy filtered resources, i.e. build is platform dependent!
2023-01-26 14:40:42,157 [Worker-13: Building] INFO  o.e.m.c.i.embedder.EclipseLogger - Copying 0 resource
2023-01-26 14:40:42,160 [Worker-13: Building] WARN  o.e.m.c.i.embedder.EclipseLogger - Using platform encoding (Cp1252 actually) to copy filtered resources, i.e. build is platform dependent!
2023-01-26 14:40:42,162 [Worker-13: Building] INFO  o.e.m.c.i.embedder.EclipseLogger - Copying 0 resource
2023-01-26 14:41:19,524 [Worker-3: Building] INFO  o.e.m.c.i.l.LifecycleMappingFactory - Using org.eclipse.m2e.jdt.JarLifecycleMapping lifecycle mapping for MavenProject: Selenium:Locator:0.0.1-SNAPSHOT @ C:\Users\Win-10\Desktop\Selenium\Locator\pom.xml.
2023-01-26 14:41:20,889 [Worker-3: Building] WARN  o.e.m.c.i.embedder.EclipseLogger - Using platform encoding (Cp1252 actually) to copy filtered resources, i.e. build is platform dependent!
2023-01-26 14:41:20,892 [Worker-3: Building] INFO  o.e.m.c.i.embedder.EclipseLogger - Copying 0 resource
2023-01-26 14:41:20,897 [Worker-3: Building] WARN  o.e.m.c.i.embedder.EclipseLogger - Using platform encoding (Cp1252 actually) to copy filtered resources, i.e. build is platform dependent!
2023-01-26 14:41:20,899 [Worker-3: Building] INFO  o.e.m.c.i.embedder.EclipseLogger - Copying 0 resource
2023-01-26 14:41:22,482 [Worker-12: Building] WARN  o.e.m.c.i.embedder.EclipseLogger - Using platform encoding (Cp1252 actually) to copy filtered resources, i.e. build is platform dependent!
2023-01-26 14:41:22,486 [Worker-12: Building] INFO  o.e.m.c.i.embedder.EclipseLogger - Copying 0 resource
2023-01-26 14:41:22,491 [Worker-12: Building] WARN  o.e.m.c.i.embedder.EclipseLogger - Using platform encoding (Cp1252 actually) to copy filtered resources, i.e. build is platform dependent!
2023-01-26 14:41:22,493 [Worker-12: Building] INFO  o.e.m.c.i.embedder.EclipseLogger - Copying 0 resource
2023-01-28 10:56:26,886 [Worker-13: Creating project "TestNg"] INFO  o.e.m.c.i.l.LifecycleMappingFactory - Using org.eclipse.m2e.jdt.JarLifecycleMapping lifecycle mapping for MavenProject: Selenium:TestNg:0.0.1-SNAPSHOT @ C:\Users\Win-10\Desktop\Selenium\TestNg\pom.xml.
2023-01-28 10:56:27,477 [Worker-13: Creating project "TestNg"] INFO  o.e.m.j.i.AbstractJavaProjectConfigurator - Adding source folder /TestNg/src/main/java
2023-01-28 10:56:27,479 [Worker-13: Creating project "TestNg"] INFO  o.e.m.j.i.AbstractJavaProjectConfigurator - Adding resource folder /TestNg/src/main/resources
2023-01-28 10:56:27,480 [Worker-13: Creating project "TestNg"] INFO  o.e.m.j.i.AbstractJavaProjectConfigurator - Adding source folder /TestNg/src/test/java
2023-01-28 10:56:27,481 [Worker-13: Creating project "TestNg"] INFO  o.e.m.j.i.AbstractJavaProjectConfigurator - Adding resource folder /TestNg/src/test/resources
2023-01-28 10:56:31,228 [Worker-20: Building] WARN  o.e.m.c.i.embedder.EclipseLogger - Using platform encoding (Cp1252 actually) to copy filtered resources, i.e. build is platform dependent!
2023-01-28 10:56:31,371 [Worker-20: Building] INFO  o.e.m.c.i.embedder.EclipseLogger - Copying 0 resource
2023-01-28 10:56:31,376 [Worker-20: Building] WARN  o.e.m.c.i.embedder.EclipseLogger - Using platform encoding (Cp1252 actually) to copy filtered resources, i.e. build is platform dependent!
2023-01-28 10:56:31,509 [Worker-20: Building] INFO  o.e.m.c.i.embedder.EclipseLogger - Copying 0 resource
2023-01-28 10:56:48,614 [Worker-13: Building] INFO  o.e.m.c.i.l.LifecycleMappingFactory - Using org.eclipse.m2e.jdt.JarLifecycleMapping lifecycle mapping for MavenProject: Selenium:TestNg:0.0.1-SNAPSHOT @ C:\Users\Win-10\Desktop\Selenium\TestNg\pom.xml.
2023-01-28 10:56:52,238 [Worker-13: Building] WARN  o.e.m.c.i.embedder.EclipseLogger - Using platform encoding (Cp1252 actually) to copy filtered resources, i.e. build is platform dependent!
2023-01-28 10:56:52,255 [Worker-13: Building] INFO  o.e.m.c.i.embedder.EclipseLogger - Copying 0 resource
2023-01-28 10:56:52,260 [Worker-13: Building] WARN  o.e.m.c.i.embedder.EclipseLogger - Using platform encoding (Cp1252 actually) to copy filtered resources, i.e. build is platform dependent!
2023-01-28 10:56:52,262 [Worker-13: Building] INFO  o.e.m.c.i.embedder.EclipseLogger - Copying 0 resource
2023-01-28 10:56:54,301 [Worker-20: Building] WARN  o.e.m.c.i.embedder.EclipseLogger - Using platform encoding (Cp1252 actually) to copy filtered resources, i.e. build is platform dependent!
2023-01-28 10:56:54,315 [Worker-20: Building] INFO  o.e.m.c.i.embedder.EclipseLogger - Copying 0 resource
2023-01-28 10:56:54,325 [Worker-20: Building] WARN  o.e.m.c.i.embedder.EclipseLogger - Using platform encoding (Cp1252 actually) to copy filtered resources, i.e. build is platform dependent!
